[2022-02-16T21:38:27.582Z] Validating found git in: git
[2022-02-16T21:38:27.775Z] Using git 2.25.1 from git
[2022-02-16T21:38:27.828Z] > git rev-parse --git-dir [1ms]
[2022-02-16T21:38:27.833Z] Open repository: /home/franklin/VPrisma/alfa
[2022-02-16T21:38:28.042Z] > git symbolic-ref --short HEAD [1ms]
[2022-02-16T21:38:28.050Z] > git for-each-ref --format=%(refname)%00%(upstream:short)%00%(objectname)%00%(upstream:track) refs/heads/master refs/remotes/master [2ms]
[2022-02-16T21:38:28.064Z] > git remote --verbose [2ms]
[2022-02-16T21:38:28.681Z] > git for-each-ref --sort -committerdate --format %(refname) %(objectname) %(*objectname) [627ms]
[2022-02-16T21:38:28.705Z] > git config --get commit.template [1ms]
[2022-02-16T21:38:35.083Z] > git symbolic-ref --short HEAD [1ms]
[2022-02-16T21:38:35.089Z] > git for-each-ref --format=%(refname)%00%(upstream:short)%00%(objectname)%00%(upstream:track) refs/heads/master refs/remotes/master [3ms]
[2022-02-16T21:38:35.099Z] > git for-each-ref --sort -committerdate --format %(refname) %(objectname) %(*objectname) [5ms]
[2022-02-16T21:38:35.101Z] > git remote --verbose [3ms]
[2022-02-16T21:38:35.117Z] > git config --get commit.template [0ms]
[2022-02-16T21:38:45.077Z] > git symbolic-ref --short HEAD [1ms]
[2022-02-16T21:38:45.082Z] > git for-each-ref --format=%(refname)%00%(upstream:short)%00%(objectname)%00%(upstream:track) refs/heads/master refs/remotes/master [1ms]
[2022-02-16T21:38:45.093Z] > git for-each-ref --sort -committerdate --format %(refname) %(objectname) %(*objectname) [7ms]
[2022-02-16T21:38:45.095Z] > git remote --verbose [3ms]
[2022-02-16T21:38:45.109Z] > git config --get commit.template [2ms]
[2022-02-16T21:38:55.075Z] > git symbolic-ref --short HEAD [1ms]
[2022-02-16T21:38:55.081Z] > git for-each-ref --format=%(refname)%00%(upstream:short)%00%(objectname)%00%(upstream:track) refs/heads/master refs/remotes/master [1ms]
[2022-02-16T21:38:55.088Z] > git for-each-ref --sort -committerdate --format %(refname) %(objectname) %(*objectname) [4ms]
[2022-02-16T21:38:55.089Z] > git remote --verbose [2ms]
[2022-02-16T21:38:55.103Z] > git config --get commit.template [2ms]
[2022-02-16T21:39:01.208Z] > git symbolic-ref --short HEAD [3ms]
[2022-02-16T21:39:01.216Z] > git for-each-ref --format=%(refname)%00%(upstream:short)%00%(objectname)%00%(upstream:track) refs/heads/master refs/remotes/master [1ms]
[2022-02-16T21:39:01.228Z] > git for-each-ref --sort -committerdate --format %(refname) %(objectname) %(*objectname) [6ms]
[2022-02-16T21:39:01.229Z] > git remote --verbose [2ms]
[2022-02-16T21:39:01.246Z] > git config --get commit.template [2ms]
[2022-02-16T21:39:03.064Z] > git ls-files --stage -- /home/franklin/VPrisma/alfa/ALFA.postman_collection.json [5ms]
[2022-02-16T21:39:03.092Z] > git cat-file -s 6f5f4f6f947e9e599f15a3b401d8e4fe8ffca9e7 [20ms]
[2022-02-16T21:39:04.406Z] > git ls-files --stage -- /home/franklin/VPrisma/alfa/README.md [115ms]
[2022-02-16T21:39:04.411Z] > git cat-file -s 70399589888a020854e28aa31fea37d864cd554a [1ms]
[2022-02-16T21:39:06.268Z] > git symbolic-ref --short HEAD [1ms]
[2022-02-16T21:39:06.273Z] > git for-each-ref --format=%(refname)%00%(upstream:short)%00%(objectname)%00%(upstream:track) refs/heads/master refs/remotes/master [1ms]
[2022-02-16T21:39:06.283Z] > git for-each-ref --sort -committerdate --format %(refname) %(objectname) %(*objectname) [6ms]
[2022-02-16T21:39:06.283Z] > git remote --verbose [1ms]
[2022-02-16T21:39:06.299Z] > git config --get commit.template [4ms]
[2022-02-16T21:39:08.199Z] > git ls-files --stage -- /home/franklin/VPrisma/alfa/docker-compose.yml [2ms]
[2022-02-16T21:39:08.205Z] > git cat-file -s 13b8e9c6f71af2b1fa514afa885ed593173d54b6 [1ms]
[2022-02-16T21:39:11.327Z] > git symbolic-ref --short HEAD [2ms]
[2022-02-16T21:39:11.335Z] > git for-each-ref --format=%(refname)%00%(upstream:short)%00%(objectname)%00%(upstream:track) refs/heads/master refs/remotes/master [1ms]
[2022-02-16T21:39:11.348Z] > git for-each-ref --sort -committerdate --format %(refname) %(objectname) %(*objectname) [7ms]
[2022-02-16T21:39:11.348Z] > git remote --verbose [2ms]
[2022-02-16T21:39:11.364Z] > git config --get commit.template [1ms]
[2022-02-16T21:39:16.379Z] > git symbolic-ref --short HEAD [1ms]
[2022-02-16T21:39:16.388Z] > git for-each-ref --format=%(refname)%00%(upstream:short)%00%(objectname)%00%(upstream:track) refs/heads/master refs/remotes/master [2ms]
[2022-02-16T21:39:16.399Z] > git for-each-ref --sort -committerdate --format %(refname) %(objectname) %(*objectname) [7ms]
[2022-02-16T21:39:16.401Z] > git remote --verbose [5ms]
[2022-02-16T21:39:16.414Z] > git config --get commit.template [1ms]
[2022-02-16T21:39:20.685Z] > git ls-files --stage -- /home/franklin/VPrisma/alfa/web-app/src/views/chains/New.vue [40ms]
[2022-02-16T21:39:20.711Z] > git cat-file -s 5697ed4608157dd32b0de0f5b733edbb18fae61b [2ms]
[2022-02-16T21:39:25.097Z] > git symbolic-ref --short HEAD [2ms]
[2022-02-16T21:39:25.113Z] > git for-each-ref --format=%(refname)%00%(upstream:short)%00%(objectname)%00%(upstream:track) refs/heads/master refs/remotes/master [3ms]
[2022-02-16T21:39:25.140Z] > git for-each-ref --sort -committerdate --format %(refname) %(objectname) %(*objectname) [14ms]
[2022-02-16T21:39:25.142Z] > git remote --verbose [5ms]
[2022-02-16T21:39:25.161Z] > git config --get commit.template [0ms]
[2022-02-16T21:39:35.080Z] > git symbolic-ref --short HEAD [1ms]
[2022-02-16T21:39:35.086Z] > git for-each-ref --format=%(refname)%00%(upstream:short)%00%(objectname)%00%(upstream:track) refs/heads/master refs/remotes/master [1ms]
[2022-02-16T21:39:35.097Z] > git for-each-ref --sort -committerdate --format %(refname) %(objectname) %(*objectname) [6ms]
[2022-02-16T21:39:35.097Z] > git remote --verbose [1ms]
[2022-02-16T21:39:35.107Z] > git config --get commit.template [1ms]
[2022-02-16T21:39:45.086Z] > git symbolic-ref --short HEAD [2ms]
[2022-02-16T21:39:45.091Z] > git for-each-ref --format=%(refname)%00%(upstream:short)%00%(objectname)%00%(upstream:track) refs/heads/master refs/remotes/master [1ms]
[2022-02-16T21:39:45.100Z] > git for-each-ref --sort -committerdate --format %(refname) %(objectname) %(*objectname) [5ms]
[2022-02-16T21:39:45.100Z] > git remote --verbose [1ms]
[2022-02-16T21:39:45.120Z] > git config --get commit.template [3ms]
[2022-02-16T21:39:55.076Z] > git symbolic-ref --short HEAD [1ms]
[2022-02-16T21:39:55.081Z] > git for-each-ref --format=%(refname)%00%(upstream:short)%00%(objectname)%00%(upstream:track) refs/heads/master refs/remotes/master [1ms]
[2022-02-16T21:39:55.090Z] > git for-each-ref --sort -committerdate --format %(refname) %(objectname) %(*objectname) [5ms]
[2022-02-16T21:39:55.091Z] > git remote --verbose [2ms]
[2022-02-16T21:39:55.103Z] > git config --get commit.template [2ms]
[2022-02-16T21:40:05.077Z] > git symbolic-ref --short HEAD [1ms]
[2022-02-16T21:40:05.082Z] > git for-each-ref --format=%(refname)%00%(upstream:short)%00%(objectname)%00%(upstream:track) refs/heads/master refs/remotes/master [1ms]
[2022-02-16T21:40:05.094Z] > git for-each-ref --sort -committerdate --format %(refname) %(objectname) %(*objectname) [5ms]
[2022-02-16T21:40:05.095Z] > git remote --verbose [2ms]
[2022-02-16T21:40:05.114Z] > git config --get commit.template [3ms]
[2022-02-16T21:40:10.130Z] > git symbolic-ref --short HEAD [1ms]
[2022-02-16T21:40:10.136Z] > git for-each-ref --format=%(refname)%00%(upstream:short)%00%(objectname)%00%(upstream:track) refs/heads/master refs/remotes/master [2ms]
[2022-02-16T21:40:10.146Z] > git for-each-ref --sort -committerdate --format %(refname) %(objectname) %(*objectname) [5ms]
[2022-02-16T21:40:10.147Z] > git remote --verbose [1ms]
[2022-02-16T21:40:10.157Z] > git config --get commit.template [1ms]
[2022-02-16T21:40:15.175Z] > git symbolic-ref --short HEAD [1ms]
[2022-02-16T21:40:15.184Z] > git for-each-ref --format=%(refname)%00%(upstream:short)%00%(objectname)%00%(upstream:track) refs/heads/master refs/remotes/master [2ms]
[2022-02-16T21:40:15.197Z] > git remote --verbose [3ms]
[2022-02-16T21:40:15.197Z] > git for-each-ref --sort -committerdate --format %(refname) %(objectname) %(*objectname) [8ms]
[2022-02-16T21:40:15.208Z] > git config --get commit.template [1ms]
[2022-02-16T21:40:25.094Z] > git symbolic-ref --short HEAD [1ms]
[2022-02-16T21:40:25.099Z] > git for-each-ref --format=%(refname)%00%(upstream:short)%00%(objectname)%00%(upstream:track) refs/heads/master refs/remotes/master [1ms]
[2022-02-16T21:40:25.112Z] > git for-each-ref --sort -committerdate --format %(refname) %(objectname) %(*objectname) [9ms]
[2022-02-16T21:40:25.112Z] > git remote --verbose [1ms]
[2022-02-16T21:40:25.122Z] > git config --get commit.template [1ms]
[2022-02-16T21:40:35.088Z] > git symbolic-ref --short HEAD [3ms]
[2022-02-16T21:40:35.099Z] > git for-each-ref --format=%(refname)%00%(upstream:short)%00%(objectname)%00%(upstream:track) refs/heads/master refs/remotes/master [2ms]
[2022-02-16T21:40:35.113Z] > git for-each-ref --sort -committerdate --format %(refname) %(objectname) %(*objectname) [9ms]
[2022-02-16T21:40:35.115Z] > git remote --verbose [3ms]
[2022-02-16T21:40:35.130Z] > git config --get commit.template [1ms]
[2022-02-16T21:40:45.086Z] > git symbolic-ref --short HEAD [1ms]
[2022-02-16T21:40:45.095Z] > git for-each-ref --format=%(refname)%00%(upstream:short)%00%(objectname)%00%(upstream:track) refs/heads/master refs/remotes/master [1ms]
[2022-02-16T21:40:45.104Z] > git for-each-ref --sort -committerdate --format %(refname) %(objectname) %(*objectname) [5ms]
[2022-02-16T21:40:45.104Z] > git remote --verbose [2ms]
[2022-02-16T21:40:45.115Z] > git config --get commit.template [0ms]
[2022-02-16T21:40:55.092Z] > git symbolic-ref --short HEAD [2ms]
[2022-02-16T21:40:55.098Z] > git for-each-ref --format=%(refname)%00%(upstream:short)%00%(objectname)%00%(upstream:track) refs/heads/master refs/remotes/master [1ms]
[2022-02-16T21:40:55.107Z] > git for-each-ref --sort -committerdate --format %(refname) %(objectname) %(*objectname) [5ms]
[2022-02-16T21:40:55.107Z] > git remote --verbose [1ms]
[2022-02-16T21:40:55.120Z] > git config --get commit.template [2ms]
[2022-02-16T21:41:05.083Z] > git symbolic-ref --short HEAD [1ms]
[2022-02-16T21:41:05.089Z] > git for-each-ref --format=%(refname)%00%(upstream:short)%00%(objectname)%00%(upstream:track) refs/heads/master refs/remotes/master [1ms]
[2022-02-16T21:41:05.098Z] > git for-each-ref --sort -committerdate --format %(refname) %(objectname) %(*objectname) [4ms]
[2022-02-16T21:41:05.099Z] > git remote --verbose [2ms]
[2022-02-16T21:41:05.110Z] > git config --get commit.template [2ms]
[2022-02-16T21:41:10.130Z] > git symbolic-ref --short HEAD [2ms]
[2022-02-16T21:41:10.138Z] > git for-each-ref --format=%(refname)%00%(upstream:short)%00%(objectname)%00%(upstream:track) refs/heads/master refs/remotes/master [2ms]
[2022-02-16T21:41:10.147Z] > git for-each-ref --sort -committerdate --format %(refname) %(objectname) %(*objectname) [5ms]
[2022-02-16T21:41:10.149Z] > git remote --verbose [2ms]
[2022-02-16T21:41:10.159Z] > git config --get commit.template [2ms]
[2022-02-16T21:41:15.176Z] > git symbolic-ref --short HEAD [1ms]
[2022-02-16T21:41:15.181Z] > git for-each-ref --format=%(refname)%00%(upstream:short)%00%(objectname)%00%(upstream:track) refs/heads/master refs/remotes/master [1ms]
[2022-02-16T21:41:15.189Z] > git for-each-ref --sort -committerdate --format %(refname) %(objectname) %(*objectname) [4ms]
[2022-02-16T21:41:15.190Z] > git remote --verbose [2ms]
[2022-02-16T21:41:15.199Z] > git config --get commit.template [1ms]
[2022-02-16T21:41:25.082Z] > git symbolic-ref --short HEAD [1ms]
[2022-02-16T21:41:25.088Z] > git for-each-ref --format=%(refname)%00%(upstream:short)%00%(objectname)%00%(upstream:track) refs/heads/master refs/remotes/master [2ms]
[2022-02-16T21:41:25.098Z] > git for-each-ref --sort -committerdate --format %(refname) %(objectname) %(*objectname) [6ms]
[2022-02-16T21:41:25.098Z] > git remote --verbose [1ms]
[2022-02-16T21:41:25.113Z] > git config --get commit.template [3ms]
[2022-02-16T21:41:35.082Z] > git symbolic-ref --short HEAD [1ms]
[2022-02-16T21:41:35.088Z] > git for-each-ref --format=%(refname)%00%(upstream:short)%00%(objectname)%00%(upstream:track) refs/heads/master refs/remotes/master [1ms]
[2022-02-16T21:41:35.098Z] > git for-each-ref --sort -committerdate --format %(refname) %(objectname) %(*objectname) [6ms]
[2022-02-16T21:41:35.099Z] > git remote --verbose [2ms]
[2022-02-16T21:41:35.114Z] > git config --get commit.template [3ms]
[2022-02-17T01:54:10.497Z] > git symbolic-ref --short HEAD [1ms]
[2022-02-17T01:54:10.511Z] > git for-each-ref --format=%(refname)%00%(upstream:short)%00%(objectname)%00%(upstream:track) refs/heads/master refs/remotes/master [10ms]
[2022-02-17T01:54:10.520Z] > git remote --verbose [1ms]
[2022-02-17T01:54:10.567Z] > git for-each-ref --sort -committerdate --format %(refname) %(objectname) %(*objectname) [52ms]
[2022-02-17T01:54:10.577Z] > git config --get commit.template [2ms]
